<?xml version="1.0" encoding="UTF-8"?>
<!-- Generated by org.testng.reporters.JUnitReportReporter -->
<testsuite skipped="0" hostname="BDC7-D-5TNNXH2" name="Test1.TestCase1" tests="2" failures="0" timestamp="03 Jul 2018 05:23:57 GMT" time="0.018" errors="0">
  <testcase name="testDemowebshop" time="0.016" classname="Test1.TestCase1"/>
  <testcase name="testpayment" time="0.002" classname="Test1.TestCase1"/>
</testsuite> <!-- Test1.TestCase1 -->
