<?xml version="1.0" encoding="UTF-8"?>
<!-- Generated by org.testng.reporters.JUnitReportReporter -->
<testsuite skipped="0" hostname="BDC7-D-5TNNXH2" name="Test1.TestCase2" tests="1" failures="0" timestamp="03 Jul 2018 06:24:46 GMT" time="9.987" errors="0">
  <testcase name="testgithublogin" time="9.987" classname="Test1.TestCase2"/>
</testsuite> <!-- Test1.TestCase2 -->
